# JRE version: OpenJDK Runtime Environment (17.0.4+8) (build 17.0.4+8-Ubuntu-122.04)
# Java VM: OpenJDK 64-Bit Server VM (17.0.4+8-Ubuntu-122.04, mixed mode, sharing, tiered, compressed oops, compressed class ptrs, g1 gc, linux-amd64)
GC Precious Log:
 CPUs: 3 total, 3 available
 Memory: 6778M
 Large Page Support: Disabled
 NUMA Support: Disabled
 Compressed Oops: Enabled (32-bit)
 Heap Region Size: 1M
 Heap Min Capacity: 256M
 Heap Initial Capacity: 256M
 Heap Max Capacity: 512M
 Pre-touch: Disabled
 Parallel Workers: 3
 Concurrent Workers: 1
 Concurrent Refinement Workers: 3
 Periodic GC: Disabled
Heap:
 garbage-first heap   total 262144K, used 188053K [0x00000000e0000000, 0x0000000100000000)
  region size 1024K, 144 young (147456K), 8 survivors (8192K)
 Metaspace       used 68356K, committed 69504K, reserved 278528K
  class space    used 8968K, committed 9536K, reserved 212992K
GC Heap History (20 events):
Event: 413,393 GC heap before
{Heap before GC invocations=12 (full 0):
 garbage-first heap   total 262144K, used 108284K [0x00000000e0000000, 0x0000000100000000)
  region size 1024K, 78 young (79872K), 19 survivors (19456K)
 Metaspace       used 57178K, committed 57856K, reserved 270336K
  class space    used 8041K, committed 8384K, reserved 212992K
}
Event: 413,418 GC heap after
{Heap after GC invocations=13 (full 0):
 garbage-first heap   total 262144K, used 44484K [0x00000000e0000000, 0x0000000100000000)
  region size 1024K, 3 young (3072K), 3 survivors (3072K)
 Metaspace       used 57178K, committed 57856K, reserved 270336K
  class space    used 8041K, committed 8384K, reserved 212992K
}
Event: 1108,257 GC heap before
{Heap before GC invocations=13 (full 0):
 garbage-first heap   total 262144K, used 189892K [0x00000000e0000000, 0x0000000100000000)
  region size 1024K, 146 young (149504K), 3 survivors (3072K)
 Metaspace       used 60238K, committed 61312K, reserved 270336K
  class space    used 8313K, committed 8832K, reserved 212992K
}
Event: 1108,268 GC heap after
{Heap after GC invocations=14 (full 0):
 garbage-first heap   total 262144K, used 45624K [0x00000000e0000000, 0x0000000100000000)
  region size 1024K, 4 young (4096K), 4 survivors (4096K)
 Metaspace       used 60238K, committed 61312K, reserved 270336K
  class space    used 8313K, committed 8832K, reserved 212992K
}
Event: 1941,153 GC heap before
{Heap before GC invocations=14 (full 0):
 garbage-first heap   total 262144K, used 197176K [0x00000000e0000000, 0x0000000100000000)
  region size 1024K, 153 young (156672K), 4 survivors (4096K)
 Metaspace       used 61449K, committed 62592K, reserved 270336K
  class space    used 8345K, committed 8896K, reserved 212992K
}
Event: 1941,164 GC heap after
{Heap after GC invocations=15 (full 0):
 garbage-first heap   total 262144K, used 44891K [0x00000000e0000000, 0x0000000100000000)
  region size 1024K, 3 young (3072K), 3 survivors (3072K)
 Metaspace       used 61449K, committed 62592K, reserved 270336K
  class space    used 8345K, committed 8896K, reserved 212992K
}
Event: 3494,498 GC heap before
{Heap before GC invocations=15 (full 0):
 garbage-first heap   total 262144K, used 197467K [0x00000000e0000000, 0x0000000100000000)
  region size 1024K, 153 young (156672K), 3 survivors (3072K)
 Metaspace       used 61953K, committed 63104K, reserved 270336K
  class space    used 8347K, committed 8896K, reserved 212992K
}
Event: 3494,509 GC heap after
{Heap after GC invocations=16 (full 0):
 garbage-first heap   total 262144K, used 45194K [0x00000000e0000000, 0x0000000100000000)
  region size 1024K, 4 young (4096K), 4 survivors (4096K)
 Metaspace       used 61953K, committed 63104K, reserved 270336K
  class space    used 8347K, committed 8896K, reserved 212992K
}
Event: 4917,356 GC heap before
{Heap before GC invocations=16 (full 0):
 garbage-first heap   total 262144K, used 196746K [0x00000000e0000000, 0x0000000100000000)
  region size 1024K, 153 young (156672K), 4 survivors (4096K)
 Metaspace       used 62559K, committed 63744K, reserved 270336K
  class space    used 8350K, committed 8896K, reserved 212992K
}
Event: 4917,379 GC heap after
{Heap after GC invocations=17 (full 0):
 garbage-first heap   total 262144K, used 49567K [0x00000000e0000000, 0x0000000100000000)
  region size 1024K, 8 young (8192K), 8 survivors (8192K)
 Metaspace       used 62559K, committed 63744K, reserved 270336K
  class space    used 8350K, committed 8896K, reserved 212992K
}
Event: 6469,599 GC heap before
{Heap before GC invocations=17 (full 0):
 garbage-first heap   total 262144K, used 197023K [0x00000000e0000000, 0x0000000100000000)
  region size 1024K, 153 young (156672K), 8 survivors (8192K)
 Metaspace       used 62906K, committed 64000K, reserved 270336K
  class space    used 8351K, committed 8896K, reserved 212992K
}
Event: 6469,612 GC heap after
{Heap after GC invocations=18 (full 0):
 garbage-first heap   total 262144K, used 47044K [0x00000000e0000000, 0x0000000100000000)
  region size 1024K, 5 young (5120K), 5 survivors (5120K)
 Metaspace       used 62906K, committed 64000K, reserved 270336K
  class space    used 8351K, committed 8896K, reserved 212992K
}
Event: 6916,967 GC heap before
{Heap before GC invocations=18 (full 0):
 garbage-first heap   total 262144K, used 197572K [0x00000000e0000000, 0x0000000100000000)
  region size 1024K, 153 young (156672K), 5 survivors (5120K)
 Metaspace       used 63508K, committed 64640K, reserved 270336K
  class space    used 8351K, committed 8896K, reserved 212992K
}
Event: 6916,983 GC heap after
{Heap after GC invocations=19 (full 0):
 garbage-first heap   total 262144K, used 50633K [0x00000000e0000000, 0x0000000100000000)
  region size 1024K, 9 young (9216K), 9 survivors (9216K)
 Metaspace       used 63508K, committed 64640K, reserved 270336K
  class space    used 8351K, committed 8896K, reserved 212992K
}
Event: 7902,441 GC heap before
{Heap before GC invocations=19 (full 0):
 garbage-first heap   total 262144K, used 197065K [0x00000000e0000000, 0x0000000100000000)
  region size 1024K, 153 young (156672K), 9 survivors (9216K)
 Metaspace       used 63807K, committed 64960K, reserved 270336K
  class space    used 8352K, committed 8896K, reserved 212992K
}
Event: 7902,458 GC heap after
{Heap after GC invocations=20 (full 0):
 garbage-first heap   total 262144K, used 46190K [0x00000000e0000000, 0x0000000100000000)
  region size 1024K, 5 young (5120K), 5 survivors (5120K)
 Metaspace       used 63807K, committed 64960K, reserved 270336K
  class space    used 8352K, committed 8896K, reserved 212992K
}
Event: 9040,941 GC heap before
{Heap before GC invocations=20 (full 0):
 garbage-first heap   total 262144K, used 196718K [0x00000000e0000000, 0x0000000100000000)
  region size 1024K, 153 young (156672K), 5 survivors (5120K)
 Metaspace       used 64157K, committed 65280K, reserved 270336K
  class space    used 8385K, committed 8960K, reserved 212992K
}
Event: 9040,952 GC heap after
{Heap after GC invocations=21 (full 0):
 garbage-first heap   total 262144K, used 45560K [0x00000000e0000000, 0x0000000100000000)
  region size 1024K, 4 young (4096K), 4 survivors (4096K)
 Metaspace       used 64157K, committed 65280K, reserved 270336K
  class space    used 8385K, committed 8960K, reserved 212992K
}
Event: 10037,067 GC heap before
{Heap before GC invocations=21 (full 0):
 garbage-first heap   total 262144K, used 197112K [0x00000000e0000000, 0x0000000100000000)
  region size 1024K, 153 young (156672K), 4 survivors (4096K)
 Metaspace       used 67222K, committed 68416K, reserved 278528K
  class space    used 8844K, committed 9408K, reserved 212992K
}
Event: 10037,095 GC heap after
{Heap after GC invocations=22 (full 0):
 garbage-first heap   total 262144K, used 49813K [0x00000000e0000000, 0x0000000100000000)
  region size 1024K, 8 young (8192K), 8 survivors (8192K)
 Metaspace       used 67222K, committed 68416K, reserved 278528K
  class space    used 8844K, committed 9408K, reserved 212992K
}

